2025-10-06 09:56:54.454 [restartedMain] INFO  c.t.t.s.t.s.SpringBootTesterApplication - Starting SpringBootTesterApplication using Java 21.0.8 with PID 174 (/home/user1/app/springboot-tester/single-module/target/classes started by root in /home/user1/app/springboot-tester/single-module)
2025-10-06 09:56:54.456 [restartedMain] INFO  c.t.t.s.t.s.SpringBootTesterApplication - No active profile set, falling back to 1 default profile: "default"
2025-10-06 09:56:54.492 [restartedMain] INFO  o.s.b.d.e.DevToolsPropertyDefaultsPostProcessor - Devtools property defaults active! Set 'spring.devtools.add-properties' to 'false' to disable
2025-10-06 09:56:55.423 [restartedMain] INFO  c.t.t.s.t.s.i.e.CacheConfig - ++externalServiceCache()
2025-10-06 09:56:55.444 [restartedMain] INFO  c.t.t.s.t.s.i.e.CacheConfig - --externalServiceCache()
2025-10-06 09:56:55.452 [restartedMain] INFO  c.t.t.s.t.s.i.InfraConfiguration - ++myHelloWorldRealAdapter()
2025-10-06 09:56:55.453 [restartedMain] INFO  c.t.t.s.t.s.i.InfraConfiguration - --myHelloWorldRealAdapter()
2025-10-06 09:56:55.471 [restartedMain] INFO  c.t.t.s.t.s.i.InfraConfiguration - ++myService()
2025-10-06 09:56:55.472 [restartedMain] INFO  c.t.t.s.t.s.i.InfraConfiguration - --myService()
2025-10-06 09:56:55.765 [restartedMain] INFO  o.s.b.d.a.OptionalLiveReloadServer - LiveReload server is running on port 35729
2025-10-06 09:56:55.802 [restartedMain] INFO  c.t.t.s.t.s.SpringBootTesterApplication - Started SpringBootTesterApplication in 1.825 seconds (process running for 2.146)
2025-10-06 09:56:55.806 [restartedMain] INFO  c.t.t.s.t.s.SpringBootTesterApplication - Started ok 3 !!!
2025-10-06 09:57:37.670 [restartedMain] INFO  c.t.t.s.t.s.SpringBootTesterApplication - Starting SpringBootTesterApplication using Java 21.0.8 with PID 269 (/home/user1/app/springboot-tester/single-module/target/classes started by root in /home/user1/app/springboot-tester/single-module)
2025-10-06 09:57:37.672 [restartedMain] INFO  c.t.t.s.t.s.SpringBootTesterApplication - No active profile set, falling back to 1 default profile: "default"
2025-10-06 09:57:37.712 [restartedMain] INFO  o.s.b.d.e.DevToolsPropertyDefaultsPostProcessor - Devtools property defaults active! Set 'spring.devtools.add-properties' to 'false' to disable
2025-10-06 09:57:38.587 [restartedMain] INFO  c.t.t.s.t.s.i.e.CacheConfig - ++externalServiceCache()
2025-10-06 09:57:38.610 [restartedMain] INFO  c.t.t.s.t.s.i.e.CacheConfig - --externalServiceCache()
2025-10-06 09:57:38.618 [restartedMain] INFO  c.t.t.s.t.s.i.InfraConfiguration - ++myHelloWorldRealAdapter()
2025-10-06 09:57:38.619 [restartedMain] INFO  c.t.t.s.t.s.i.InfraConfiguration - --myHelloWorldRealAdapter()
2025-10-06 09:57:38.636 [restartedMain] INFO  c.t.t.s.t.s.i.InfraConfiguration - ++myService()
2025-10-06 09:57:38.637 [restartedMain] INFO  c.t.t.s.t.s.i.InfraConfiguration - --myService()
2025-10-06 09:57:38.930 [restartedMain] INFO  o.s.b.d.a.OptionalLiveReloadServer - LiveReload server is running on port 35729
2025-10-06 09:57:38.969 [restartedMain] INFO  c.t.t.s.t.s.SpringBootTesterApplication - Started SpringBootTesterApplication in 1.76 seconds (process running for 2.068)
2025-10-06 09:57:38.972 [restartedMain] INFO  c.t.t.s.t.s.SpringBootTesterApplication - Started ok 3 !!!
2025-10-06 09:58:00.483 [restartedMain] INFO  c.t.t.s.t.s.SpringBootTesterApplication - Starting SpringBootTesterApplication using Java 21.0.8 with PID 362 (/home/user1/app/springboot-tester/single-module/target/classes started by root in /home/user1/app/springboot-tester/single-module)
2025-10-06 09:58:00.485 [restartedMain] INFO  c.t.t.s.t.s.SpringBootTesterApplication - No active profile set, falling back to 1 default profile: "default"
2025-10-06 09:58:00.523 [restartedMain] INFO  o.s.b.d.e.DevToolsPropertyDefaultsPostProcessor - Devtools property defaults active! Set 'spring.devtools.add-properties' to 'false' to disable
2025-10-06 09:58:01.387 [restartedMain] INFO  c.t.t.s.t.s.i.e.CacheConfig - ++externalServiceCache()
2025-10-06 09:58:01.409 [restartedMain] INFO  c.t.t.s.t.s.i.e.CacheConfig - --externalServiceCache()
2025-10-06 09:58:01.417 [restartedMain] INFO  c.t.t.s.t.s.i.InfraConfiguration - ++myHelloWorldRealAdapter()
2025-10-06 09:58:01.418 [restartedMain] INFO  c.t.t.s.t.s.i.InfraConfiguration - --myHelloWorldRealAdapter()
2025-10-06 09:58:01.435 [restartedMain] INFO  c.t.t.s.t.s.i.InfraConfiguration - ++myService()
2025-10-06 09:58:01.437 [restartedMain] INFO  c.t.t.s.t.s.i.InfraConfiguration - --myService()
2025-10-06 09:58:01.719 [restartedMain] INFO  o.s.b.d.a.OptionalLiveReloadServer - LiveReload server is running on port 35729
2025-10-06 09:58:01.757 [restartedMain] INFO  c.t.t.s.t.s.SpringBootTesterApplication - Started SpringBootTesterApplication in 1.76 seconds (process running for 2.077)
2025-10-06 09:58:01.761 [restartedMain] INFO  c.t.t.s.t.s.SpringBootTesterApplication - Started ok 3 !!!
2025-10-06 10:00:53.351 [restartedMain] INFO  c.t.t.s.t.s.SpringBootTesterApplication - Starting SpringBootTesterApplication using Java 21.0.8 with PID 463 (/home/user1/app/springboot-tester/single-module/target/classes started by root in /home/user1/app/springboot-tester/single-module)
2025-10-06 10:00:53.353 [restartedMain] INFO  c.t.t.s.t.s.SpringBootTesterApplication - No active profile set, falling back to 1 default profile: "default"
2025-10-06 10:00:53.398 [restartedMain] INFO  o.s.b.d.e.DevToolsPropertyDefaultsPostProcessor - Devtools property defaults active! Set 'spring.devtools.add-properties' to 'false' to disable
2025-10-06 10:00:53.398 [restartedMain] INFO  o.s.b.d.e.DevToolsPropertyDefaultsPostProcessor - For additional web related logging consider setting the 'logging.level.web' property to 'DEBUG'
2025-10-06 10:00:54.688 [restartedMain] INFO  o.s.b.w.e.tomcat.TomcatWebServer - Tomcat initialized with port 8080 (http)
2025-10-06 10:00:54.701 [restartedMain] INFO  o.a.coyote.http11.Http11NioProtocol - Initializing ProtocolHandler ["http-nio-8080"]
2025-10-06 10:00:54.703 [restartedMain] INFO  o.a.catalina.core.StandardService - Starting service [Tomcat]
2025-10-06 10:00:54.704 [restartedMain] INFO  o.a.catalina.core.StandardEngine - Starting Servlet engine: [Apache Tomcat/10.1.41]
2025-10-06 10:00:54.747 [restartedMain] INFO  o.a.c.c.C.[Tomcat].[localhost].[/] - Initializing Spring embedded WebApplicationContext
2025-10-06 10:00:54.748 [restartedMain] INFO  o.s.b.w.s.c.ServletWebServerApplicationContext - Root WebApplicationContext: initialization completed in 1349 ms
2025-10-06 10:00:54.990 [restartedMain] INFO  c.t.t.s.t.s.i.e.CacheConfig - ++externalServiceCache()
2025-10-06 10:00:55.021 [restartedMain] INFO  c.t.t.s.t.s.i.e.CacheConfig - --externalServiceCache()
2025-10-06 10:00:55.033 [restartedMain] INFO  c.t.t.s.t.s.i.InfraConfiguration - ++myHelloWorldRealAdapter()
2025-10-06 10:00:55.034 [restartedMain] INFO  c.t.t.s.t.s.i.InfraConfiguration - --myHelloWorldRealAdapter()
2025-10-06 10:00:55.060 [restartedMain] INFO  c.t.t.s.t.s.i.InfraConfiguration - ++myService()
2025-10-06 10:00:55.061 [restartedMain] INFO  c.t.t.s.t.s.i.InfraConfiguration - --myService()
2025-10-06 10:00:55.226 [restartedMain] INFO  o.s.v.b.OptionalValidatorFactoryBean - Failed to set up a Bean Validation provider: jakarta.validation.NoProviderFoundException: Unable to create a Configuration, because no Jakarta Bean Validation provider could be found. Add a provider like Hibernate Validator (RI) to your classpath.
2025-10-06 10:00:55.621 [restartedMain] INFO  o.s.b.d.a.OptionalLiveReloadServer - LiveReload server is running on port 35729
2025-10-06 10:00:55.628 [restartedMain] INFO  o.s.b.a.e.web.EndpointLinksResolver - Exposing 14 endpoints beneath base path '/actuator'
2025-10-06 10:00:55.674 [restartedMain] INFO  o.a.coyote.http11.Http11NioProtocol - Starting ProtocolHandler ["http-nio-8080"]
2025-10-06 10:00:55.683 [restartedMain] INFO  o.s.b.w.e.tomcat.TomcatWebServer - Tomcat started on port 8080 (http) with context path '/'
2025-10-06 10:00:55.697 [restartedMain] INFO  c.t.t.s.t.s.SpringBootTesterApplication - Started SpringBootTesterApplication in 2.849 seconds (process running for 3.141)
2025-10-06 10:00:55.760 [restartedMain] INFO  c.t.t.s.t.s.SpringBootTesterApplication - Started ok 3 !!!
2025-10-06 10:01:11.254 [http-nio-8080-exec-1] INFO  o.a.c.c.C.[Tomcat].[localhost].[/] - Initializing Spring DispatcherServlet 'dispatcherServlet'
2025-10-06 10:01:11.254 [http-nio-8080-exec-1] INFO  o.s.web.servlet.DispatcherServlet - Initializing Servlet 'dispatcherServlet'
2025-10-06 10:01:11.256 [http-nio-8080-exec-1] INFO  o.s.web.servlet.DispatcherServlet - Completed initialization in 1 ms
2025-10-06 10:01:11.290 [http-nio-8080-exec-1] INFO  c.t.t.s.t.s.e.HelloController - ++hello()
2025-10-06 10:01:11.291 [http-nio-8080-exec-1] INFO  c.t.t.s.t.s.e.HelloController - --hello()
2025-10-06 10:01:17.691 [http-nio-8080-exec-2] INFO  c.t.t.s.t.s.exposition.PigController - ++getPigs()
2025-10-06 10:01:17.691 [http-nio-8080-exec-2] INFO  c.t.t.s.t.a.service.PigServiceImpl - ++getPigs()
2025-10-06 10:01:17.692 [http-nio-8080-exec-2] INFO  c.t.t.s.t.a.service.PigServiceImpl - $>>> pigs=[com.touin.thierry.sb.test.application.dto.PigDTO@70184bcf, com.touin.thierry.sb.test.application.dto.PigDTO@351acba8, com.touin.thierry.sb.test.application.dto.PigDTO@4e04f06c, com.touin.thierry.sb.test.application.dto.PigDTO@4659b66]
2025-10-06 10:01:17.692 [http-nio-8080-exec-2] INFO  c.t.t.s.t.s.domain.PigBizServiceImpl - ++test()
2025-10-06 10:01:17.693 [http-nio-8080-exec-2] INFO  c.t.t.s.t.s.i.MonAdaptateurImpl - ++doSomething()
2025-10-06 10:01:17.693 [http-nio-8080-exec-2] INFO  c.t.t.s.t.s.i.c.MyAppPropertiesV2 - ++getFeatureEnabled()
2025-10-06 10:01:17.693 [http-nio-8080-exec-2] INFO  c.t.t.s.t.s.i.c.MyAppPropertiesV2 - --getFeatureEnabled()
2025-10-06 10:01:17.693 [http-nio-8080-exec-2] INFO  c.t.t.s.t.s.i.MonAdaptateurImpl - features NOT actived !
2025-10-06 10:01:17.694 [http-nio-8080-exec-2] INFO  c.t.t.s.t.s.i.c.MyAppPropertiesV2 - ++getPostalCodeServiceEndpoint()
2025-10-06 10:01:17.694 [http-nio-8080-exec-2] INFO  c.t.t.s.t.s.i.c.MyAppPropertiesV2 - --getPostalCodeServiceEndpoint()
2025-10-06 10:01:17.694 [http-nio-8080-exec-2] INFO  c.t.t.s.t.s.i.MonAdaptateurImpl - PostalCodeServiceEndpoint:http://mon-service-prod.fr/xxxx
2025-10-06 10:01:17.694 [http-nio-8080-exec-2] INFO  c.t.t.s.t.s.i.e.ExternalServiceAdapter - ++getData()
2025-10-06 10:01:17.695 [http-nio-8080-exec-2] INFO  c.t.t.s.t.s.i.e.ExternalServiceAdapter - Calling external service for id titi
2025-10-06 10:01:17.695 [http-nio-8080-exec-2] INFO  c.t.t.s.t.s.i.e.ExternalServiceClient - ++getById()
2025-10-06 10:01:17.796 [http-nio-8080-exec-2] INFO  c.t.t.s.t.s.i.e.ExternalServiceClient - --getById()
2025-10-06 10:01:17.797 [http-nio-8080-exec-2] INFO  c.t.t.s.t.s.i.e.ExternalServiceAdapter - --getData()
2025-10-06 10:01:17.797 [http-nio-8080-exec-2] INFO  c.t.t.s.t.s.i.MonAdaptateurImpl - externalDtoTiti:value for titi
2025-10-06 10:01:17.797 [http-nio-8080-exec-2] INFO  c.t.t.s.t.s.i.e.ExternalServiceAdapter - ++getData()
2025-10-06 10:01:17.797 [http-nio-8080-exec-2] INFO  c.t.t.s.t.s.i.e.ExternalServiceAdapter - Calling external service for id toto
2025-10-06 10:01:17.798 [http-nio-8080-exec-2] INFO  c.t.t.s.t.s.i.e.ExternalServiceClient - ++getById()
2025-10-06 10:01:17.898 [http-nio-8080-exec-2] INFO  c.t.t.s.t.s.i.e.ExternalServiceClient - --getById()
2025-10-06 10:01:17.898 [http-nio-8080-exec-2] INFO  c.t.t.s.t.s.i.e.ExternalServiceAdapter - --getData()
2025-10-06 10:01:17.898 [http-nio-8080-exec-2] INFO  c.t.t.s.t.s.i.MonAdaptateurImpl - externalDtoToto:value for toto
2025-10-06 10:01:17.898 [http-nio-8080-exec-2] INFO  c.t.t.s.t.s.i.MonAdaptateurImpl - --doSomething()
2025-10-06 10:01:17.898 [http-nio-8080-exec-2] INFO  c.t.t.s.t.s.domain.PigBizServiceImpl - --test()
2025-10-06 10:01:17.899 [http-nio-8080-exec-2] INFO  c.t.t.s.t.a.service.PigServiceImpl - --getPigs()
2025-10-06 10:01:17.904 [http-nio-8080-exec-2] INFO  c.t.t.s.t.s.exposition.PigController - --getPigs()
2025-10-06 10:01:27.766 [http-nio-8080-exec-3] INFO  c.t.t.s.t.s.exposition.PigController - ++getPigs()
2025-10-06 10:01:27.767 [http-nio-8080-exec-3] INFO  c.t.t.s.t.a.service.PigServiceImpl - ++getPigs()
2025-10-06 10:01:27.767 [http-nio-8080-exec-3] INFO  c.t.t.s.t.a.service.PigServiceImpl - $>>> pigs=[com.touin.thierry.sb.test.application.dto.PigDTO@7f993186, com.touin.thierry.sb.test.application.dto.PigDTO@7ba6aaad, com.touin.thierry.sb.test.application.dto.PigDTO@3ea43bbd, com.touin.thierry.sb.test.application.dto.PigDTO@3973559d]
2025-10-06 10:01:27.768 [http-nio-8080-exec-3] INFO  c.t.t.s.t.s.domain.PigBizServiceImpl - ++test()
2025-10-06 10:01:27.768 [http-nio-8080-exec-3] INFO  c.t.t.s.t.s.i.MonAdaptateurImpl - ++doSomething()
2025-10-06 10:01:27.768 [http-nio-8080-exec-3] INFO  c.t.t.s.t.s.i.c.MyAppPropertiesV2 - ++getFeatureEnabled()
2025-10-06 10:01:27.769 [http-nio-8080-exec-3] INFO  c.t.t.s.t.s.i.c.MyAppPropertiesV2 - --getFeatureEnabled()
2025-10-06 10:01:27.769 [http-nio-8080-exec-3] INFO  c.t.t.s.t.s.i.MonAdaptateurImpl - features NOT actived !
2025-10-06 10:01:27.769 [http-nio-8080-exec-3] INFO  c.t.t.s.t.s.i.c.MyAppPropertiesV2 - ++getPostalCodeServiceEndpoint()
2025-10-06 10:01:27.769 [http-nio-8080-exec-3] INFO  c.t.t.s.t.s.i.c.MyAppPropertiesV2 - --getPostalCodeServiceEndpoint()
2025-10-06 10:01:27.769 [http-nio-8080-exec-3] INFO  c.t.t.s.t.s.i.MonAdaptateurImpl - PostalCodeServiceEndpoint:http://mon-service-prod.fr/xxxx
2025-10-06 10:01:27.769 [http-nio-8080-exec-3] INFO  c.t.t.s.t.s.i.e.ExternalServiceAdapter - ++getData()
2025-10-06 10:01:27.770 [http-nio-8080-exec-3] INFO  c.t.t.s.t.s.i.e.ExternalServiceAdapter - Returned from cache for id titi
2025-10-06 10:01:27.770 [http-nio-8080-exec-3] INFO  c.t.t.s.t.s.i.e.ExternalServiceAdapter - --getData()
2025-10-06 10:01:27.770 [http-nio-8080-exec-3] INFO  c.t.t.s.t.s.i.MonAdaptateurImpl - externalDtoTiti:value for titi
2025-10-06 10:01:27.770 [http-nio-8080-exec-3] INFO  c.t.t.s.t.s.i.e.ExternalServiceAdapter - ++getData()
2025-10-06 10:01:27.771 [http-nio-8080-exec-3] INFO  c.t.t.s.t.s.i.e.ExternalServiceAdapter - Returned from cache for id toto
2025-10-06 10:01:27.771 [http-nio-8080-exec-3] INFO  c.t.t.s.t.s.i.e.ExternalServiceAdapter - --getData()
2025-10-06 10:01:27.771 [http-nio-8080-exec-3] INFO  c.t.t.s.t.s.i.MonAdaptateurImpl - externalDtoToto:value for toto
2025-10-06 10:01:27.771 [http-nio-8080-exec-3] INFO  c.t.t.s.t.s.i.MonAdaptateurImpl - --doSomething()
2025-10-06 10:01:27.771 [http-nio-8080-exec-3] INFO  c.t.t.s.t.s.domain.PigBizServiceImpl - --test()
2025-10-06 10:01:27.772 [http-nio-8080-exec-3] INFO  c.t.t.s.t.a.service.PigServiceImpl - --getPigs()
2025-10-06 10:01:27.775 [http-nio-8080-exec-3] INFO  c.t.t.s.t.s.exposition.PigController - --getPigs()
2025-10-06 10:01:35.628 [SpringApplicationShutdownHook] INFO  o.s.b.w.e.tomcat.GracefulShutdown - Commencing graceful shutdown. Waiting for active requests to complete
2025-10-06 10:01:35.634 [tomcat-shutdown] INFO  o.s.b.w.e.tomcat.GracefulShutdown - Graceful shutdown complete
2025-10-06 10:01:58.812 [main] INFO  c.t.t.s.t.s.CucumberSpringConfiguration - Starting CucumberSpringConfiguration using Java 21.0.8 with PID 650 (started by root in /home/user1/app/springboot-tester/single-module)
2025-10-06 10:01:58.814 [main] INFO  c.t.t.s.t.s.CucumberSpringConfiguration - No active profile set, falling back to 1 default profile: "default"
2025-10-06 10:02:00.330 [main] INFO  c.t.t.s.t.s.i.e.CacheConfig - ++externalServiceCache()
2025-10-06 10:02:00.359 [main] INFO  c.t.t.s.t.s.i.e.CacheConfig - --externalServiceCache()
2025-10-06 10:02:00.370 [main] INFO  c.t.t.s.t.s.i.InfraConfiguration - ++myHelloWorldRealAdapter()
2025-10-06 10:02:00.370 [main] INFO  c.t.t.s.t.s.i.InfraConfiguration - --myHelloWorldRealAdapter()
2025-10-06 10:02:00.393 [main] INFO  c.t.t.s.t.s.i.InfraConfiguration - ++myService()
2025-10-06 10:02:00.393 [main] INFO  c.t.t.s.t.s.i.InfraConfiguration - --myService()
2025-10-06 10:02:00.737 [main] INFO  o.s.v.b.OptionalValidatorFactoryBean - Failed to set up a Bean Validation provider: jakarta.validation.NoProviderFoundException: Unable to create a Configuration, because no Jakarta Bean Validation provider could be found. Add a provider like Hibernate Validator (RI) to your classpath.
2025-10-06 10:02:01.493 [main] INFO  o.s.b.a.e.web.EndpointLinksResolver - Exposing 14 endpoints beneath base path '/actuator'
2025-10-06 10:02:01.586 [main] INFO  c.t.t.s.t.s.CucumberSpringConfiguration - Started CucumberSpringConfiguration in 3.28 seconds (process running for 4.321)
2025-10-06 10:02:02.443 [main] INFO  c.t.t.s.t.s.steps.HelloSteps - ++le_service_hello_est_pret()
2025-10-06 10:02:02.444 [main] INFO  c.t.t.s.t.s.steps.HelloSteps - --le_service_hello_est_pret()
2025-10-06 10:02:02.447 [main] INFO  c.t.t.s.t.s.steps.HelloSteps - ++j_execute_le_service_hello()
2025-10-06 10:02:02.448 [main] INFO  c.t.t.s.t.a.s.HelloWorldService - ++execute()
2025-10-06 10:02:02.448 [main] INFO  c.t.t.s.t.s.d.HelloWorldUseCaseImpl - ++sayHello()
2025-10-06 10:02:02.449 [main] INFO  c.t.t.s.t.s.d.HelloWorldUseCaseImpl - sayHello()
2025-10-06 10:02:02.449 [main] INFO  c.t.t.s.t.s.i.HelloWorldRealAdapter - ++sayHello()
2025-10-06 10:02:02.449 [main] INFO  c.t.t.s.t.s.i.HelloWorldRealAdapter - sayHello()
2025-10-06 10:02:02.449 [main] INFO  c.t.t.s.t.s.i.HelloWorldRealAdapter - --sayHello()
2025-10-06 10:02:02.449 [main] INFO  c.t.t.s.t.s.d.HelloWorldUseCaseImpl - --sayHello()
2025-10-06 10:02:02.449 [main] INFO  c.t.t.s.t.a.s.HelloWorldService - --execute()
2025-10-06 10:02:02.449 [main] INFO  c.t.t.s.t.s.steps.HelloSteps - --j_execute_le_service_hello()
2025-10-06 10:02:02.450 [main] INFO  c.t.t.s.t.s.steps.HelloSteps - ++le_resultat_est()
2025-10-06 10:02:02.454 [main] INFO  c.t.t.s.t.s.steps.HelloSteps - --le_resultat_est()
2025-10-06 10:02:02.493 [main] INFO  o.s.t.c.s.AnnotationConfigContextLoaderUtils - Could not detect default configuration classes for test class [com.touin.thierry.sb.test.springboottester.CucumberSpringConfiguration]: CucumberSpringConfiguration does not declare any static, non-private, non-final, nested classes annotated with @Configuration.
2025-10-06 10:02:02.496 [main] INFO  o.s.b.t.c.SpringBootTestContextBootstrapper - Found @SpringBootConfiguration com.touin.thierry.sb.test.springboottester.SpringBootTesterApplication for test class com.touin.thierry.sb.test.springboottester.CucumberSpringConfiguration
2025-10-06 10:02:02.508 [main] INFO  c.t.t.s.t.s.steps.HelloSteps - ++le_service_hello_est_pret()
2025-10-06 10:02:02.508 [main] INFO  c.t.t.s.t.s.steps.HelloSteps - --le_service_hello_est_pret()
2025-10-06 10:02:02.509 [main] INFO  c.t.t.s.t.s.steps.HelloSteps - ++j_execute_le_service_hello()
2025-10-06 10:02:02.509 [main] INFO  c.t.t.s.t.a.s.HelloWorldService - ++execute()
2025-10-06 10:02:02.509 [main] INFO  c.t.t.s.t.s.d.HelloWorldUseCaseImpl - ++sayHello()
2025-10-06 10:02:02.509 [main] INFO  c.t.t.s.t.s.d.HelloWorldUseCaseImpl - sayHello()
2025-10-06 10:02:02.509 [main] INFO  c.t.t.s.t.s.i.HelloWorldRealAdapter - ++sayHello()
2025-10-06 10:02:02.509 [main] INFO  c.t.t.s.t.s.i.HelloWorldRealAdapter - sayHello()
2025-10-06 10:02:02.509 [main] INFO  c.t.t.s.t.s.i.HelloWorldRealAdapter - --sayHello()
2025-10-06 10:02:02.509 [main] INFO  c.t.t.s.t.s.d.HelloWorldUseCaseImpl - --sayHello()
2025-10-06 10:02:02.510 [main] INFO  c.t.t.s.t.a.s.HelloWorldService - --execute()
2025-10-06 10:02:02.510 [main] INFO  c.t.t.s.t.s.steps.HelloSteps - --j_execute_le_service_hello()
2025-10-06 10:02:02.510 [main] INFO  c.t.t.s.t.s.steps.HelloSteps - ++le_resultat_est()
2025-10-06 10:09:44.973 [main] INFO  c.t.t.s.t.s.CucumberSpringConfiguration - Starting CucumberSpringConfiguration using Java 21.0.8 with PID 1035 (started by root in /home/user1/app/springboot-tester/single-module)
2025-10-06 10:09:44.974 [main] INFO  c.t.t.s.t.s.CucumberSpringConfiguration - The following 1 profile is active: "mock"
2025-10-06 10:09:46.421 [main] INFO  c.t.t.s.t.s.i.InfraMockConfiguration - ++myMonAdaptateurMockImpl()
2025-10-06 10:09:46.425 [main] INFO  c.t.t.s.t.s.i.InfraMockConfiguration - --myMonAdaptateurMockImpl()
2025-10-06 10:09:46.490 [main] INFO  c.t.t.s.t.s.i.e.CacheConfig - ++externalServiceCache()
2025-10-06 10:09:46.514 [main] INFO  c.t.t.s.t.s.i.e.CacheConfig - --externalServiceCache()
2025-10-06 10:09:46.807 [main] INFO  o.s.v.b.OptionalValidatorFactoryBean - Failed to set up a Bean Validation provider: jakarta.validation.NoProviderFoundException: Unable to create a Configuration, because no Jakarta Bean Validation provider could be found. Add a provider like Hibernate Validator (RI) to your classpath.
2025-10-06 10:09:47.437 [main] INFO  o.s.b.a.e.web.EndpointLinksResolver - Exposing 14 endpoints beneath base path '/actuator'
2025-10-06 10:09:47.503 [main] INFO  c.t.t.s.t.s.CucumberSpringConfiguration - Started CucumberSpringConfiguration in 2.97 seconds (process running for 3.917)
2025-10-06 10:09:48.341 [main] INFO  c.t.t.s.t.s.steps.HelloSteps - ++le_service_hello_est_pret()
2025-10-06 10:09:48.341 [main] INFO  c.t.t.s.t.s.steps.HelloSteps - --le_service_hello_est_pret()
2025-10-06 10:09:48.345 [main] INFO  c.t.t.s.t.s.steps.HelloSteps - ++j_execute_le_service_hello()
2025-10-06 10:09:48.345 [main] INFO  c.t.t.s.t.a.s.HelloWorldService - ++execute()
2025-10-06 10:09:48.346 [main] INFO  c.t.t.s.t.s.d.HelloWorldUseCaseImpl - ++sayHello()
2025-10-06 10:09:48.346 [main] INFO  c.t.t.s.t.s.d.HelloWorldUseCaseImpl - sayHello()
2025-10-06 10:09:48.346 [main] INFO  c.t.t.s.t.s.i.HelloWorldMockAdapter - ++sayHello()
2025-10-06 10:09:48.346 [main] INFO  c.t.t.s.t.s.i.HelloWorldMockAdapter - sayHello()
2025-10-06 10:09:48.346 [main] INFO  c.t.t.s.t.s.i.HelloWorldMockAdapter - --sayHello()
2025-10-06 10:09:48.347 [main] INFO  c.t.t.s.t.s.d.HelloWorldUseCaseImpl - --sayHello()
2025-10-06 10:09:48.347 [main] INFO  c.t.t.s.t.a.s.HelloWorldService - --execute()
2025-10-06 10:09:48.347 [main] INFO  c.t.t.s.t.s.steps.HelloSteps - --j_execute_le_service_hello()
2025-10-06 10:09:48.348 [main] INFO  c.t.t.s.t.s.steps.HelloSteps - ++le_resultat_est()
2025-10-06 10:09:48.351 [main] INFO  c.t.t.s.t.s.steps.HelloSteps - --le_resultat_est()
2025-10-06 10:14:29.581 [main] INFO  c.t.t.s.t.s.CucumberSpringConfiguration - Starting CucumberSpringConfiguration using Java 21.0.8 with PID 1266 (started by root in /home/user1/app/springboot-tester/single-module)
2025-10-06 10:14:29.584 [main] INFO  c.t.t.s.t.s.CucumberSpringConfiguration - No active profile set, falling back to 1 default profile: "default"
2025-10-06 10:14:31.098 [main] INFO  c.t.t.s.t.s.i.e.CacheConfig - ++externalServiceCache()
2025-10-06 10:14:31.130 [main] INFO  c.t.t.s.t.s.i.e.CacheConfig - --externalServiceCache()
2025-10-06 10:14:31.140 [main] INFO  c.t.t.s.t.s.i.InfraConfiguration - ++myHelloWorldRealAdapter()
2025-10-06 10:14:31.141 [main] INFO  c.t.t.s.t.s.i.InfraConfiguration - --myHelloWorldRealAdapter()
2025-10-06 10:14:31.168 [main] INFO  c.t.t.s.t.s.i.InfraConfiguration - ++myService()
2025-10-06 10:14:31.169 [main] INFO  c.t.t.s.t.s.i.InfraConfiguration - --myService()
2025-10-06 10:14:31.518 [main] INFO  o.s.v.b.OptionalValidatorFactoryBean - Failed to set up a Bean Validation provider: jakarta.validation.NoProviderFoundException: Unable to create a Configuration, because no Jakarta Bean Validation provider could be found. Add a provider like Hibernate Validator (RI) to your classpath.
2025-10-06 10:14:32.146 [main] INFO  o.s.b.a.e.web.EndpointLinksResolver - Exposing 14 endpoints beneath base path '/actuator'
2025-10-06 10:14:32.234 [main] INFO  c.t.t.s.t.s.CucumberSpringConfiguration - Started CucumberSpringConfiguration in 3.146 seconds (process running for 4.082)
2025-10-06 10:14:33.049 [main] INFO  c.t.t.s.t.s.steps.HelloSteps - ++le_service_hello_est_pret()
2025-10-06 10:14:33.049 [main] INFO  c.t.t.s.t.s.steps.HelloSteps - --le_service_hello_est_pret()
2025-10-06 10:14:33.053 [main] INFO  c.t.t.s.t.s.steps.HelloSteps - ++j_execute_le_service_hello()
2025-10-06 10:14:33.053 [main] INFO  c.t.t.s.t.a.s.HelloWorldService - ++execute()
2025-10-06 10:14:33.053 [main] INFO  c.t.t.s.t.s.d.HelloWorldUseCaseImpl - ++sayHello()
2025-10-06 10:14:33.053 [main] INFO  c.t.t.s.t.s.d.HelloWorldUseCaseImpl - sayHello()
2025-10-06 10:14:33.054 [main] INFO  c.t.t.s.t.s.i.HelloWorldRealAdapter - ++sayHello()
2025-10-06 10:14:33.054 [main] INFO  c.t.t.s.t.s.i.HelloWorldRealAdapter - sayHello()
2025-10-06 10:14:33.054 [main] INFO  c.t.t.s.t.s.i.HelloWorldRealAdapter - --sayHello()
2025-10-06 10:14:33.054 [main] INFO  c.t.t.s.t.s.d.HelloWorldUseCaseImpl - --sayHello()
2025-10-06 10:14:33.054 [main] INFO  c.t.t.s.t.a.s.HelloWorldService - --execute()
2025-10-06 10:14:33.054 [main] INFO  c.t.t.s.t.s.steps.HelloSteps - --j_execute_le_service_hello()
2025-10-06 10:14:33.055 [main] INFO  c.t.t.s.t.s.steps.HelloSteps - ++le_resultat_est()
2025-10-06 10:14:33.060 [main] INFO  c.t.t.s.t.s.steps.HelloSteps - --le_resultat_est()
2025-10-06 10:14:48.439 [main] INFO  c.t.t.s.t.s.CucumberSpringConfiguration - Starting CucumberSpringConfiguration using Java 21.0.8 with PID 1388 (started by root in /home/user1/app/springboot-tester/single-module)
2025-10-06 10:14:48.440 [main] INFO  c.t.t.s.t.s.CucumberSpringConfiguration - The following 1 profile is active: "mock"
2025-10-06 10:14:49.936 [main] INFO  c.t.t.s.t.s.i.InfraMockConfiguration - ++myMonAdaptateurMockImpl()
2025-10-06 10:14:49.938 [main] INFO  c.t.t.s.t.s.i.InfraMockConfiguration - --myMonAdaptateurMockImpl()
2025-10-06 10:14:50.015 [main] INFO  c.t.t.s.t.s.i.e.CacheConfig - ++externalServiceCache()
2025-10-06 10:14:50.036 [main] INFO  c.t.t.s.t.s.i.e.CacheConfig - --externalServiceCache()
2025-10-06 10:14:50.289 [main] INFO  o.s.v.b.OptionalValidatorFactoryBean - Failed to set up a Bean Validation provider: jakarta.validation.NoProviderFoundException: Unable to create a Configuration, because no Jakarta Bean Validation provider could be found. Add a provider like Hibernate Validator (RI) to your classpath.
2025-10-06 10:14:50.939 [main] INFO  o.s.b.a.e.web.EndpointLinksResolver - Exposing 14 endpoints beneath base path '/actuator'
2025-10-06 10:14:51.005 [main] INFO  c.t.t.s.t.s.CucumberSpringConfiguration - Started CucumberSpringConfiguration in 2.99 seconds (process running for 3.982)
2025-10-06 10:14:51.762 [main] INFO  c.t.t.s.t.s.steps.HelloSteps - ++le_service_hello_est_pret()
2025-10-06 10:14:51.763 [main] INFO  c.t.t.s.t.s.steps.HelloSteps - --le_service_hello_est_pret()
2025-10-06 10:14:51.766 [main] INFO  c.t.t.s.t.s.steps.HelloSteps - ++j_execute_le_service_hello()
2025-10-06 10:14:51.767 [main] INFO  c.t.t.s.t.a.s.HelloWorldService - ++execute()
2025-10-06 10:14:51.767 [main] INFO  c.t.t.s.t.s.d.HelloWorldUseCaseImpl - ++sayHello()
2025-10-06 10:14:51.768 [main] INFO  c.t.t.s.t.s.d.HelloWorldUseCaseImpl - sayHello()
2025-10-06 10:14:51.768 [main] INFO  c.t.t.s.t.s.i.HelloWorldMockAdapter - ++sayHello()
2025-10-06 10:14:51.768 [main] INFO  c.t.t.s.t.s.i.HelloWorldMockAdapter - sayHello()
2025-10-06 10:14:51.768 [main] INFO  c.t.t.s.t.s.i.HelloWorldMockAdapter - --sayHello()
2025-10-06 10:14:51.769 [main] INFO  c.t.t.s.t.s.d.HelloWorldUseCaseImpl - --sayHello()
2025-10-06 10:14:51.769 [main] INFO  c.t.t.s.t.a.s.HelloWorldService - --execute()
2025-10-06 10:14:51.769 [main] INFO  c.t.t.s.t.s.steps.HelloSteps - --j_execute_le_service_hello()
2025-10-06 10:14:51.770 [main] INFO  c.t.t.s.t.s.steps.HelloSteps - ++le_resultat_est()
2025-10-06 10:14:51.774 [main] INFO  c.t.t.s.t.s.steps.HelloSteps - --le_resultat_est()
2025-10-06 10:15:49.403 [main] INFO  c.t.t.s.t.s.CucumberSpringConfiguration - Starting CucumberSpringConfiguration using Java 21.0.8 with PID 1509 (started by root in /home/user1/app/springboot-tester/single-module)
2025-10-06 10:15:49.407 [main] INFO  c.t.t.s.t.s.CucumberSpringConfiguration - The following 1 profile is active: "mock"
2025-10-06 10:15:51.304 [main] INFO  c.t.t.s.t.s.i.InfraMockConfiguration - ++myMonAdaptateurMockImpl()
2025-10-06 10:15:51.307 [main] INFO  c.t.t.s.t.s.i.InfraMockConfiguration - --myMonAdaptateurMockImpl()
2025-10-06 10:15:51.408 [main] INFO  c.t.t.s.t.s.i.e.CacheConfig - ++externalServiceCache()
2025-10-06 10:15:51.436 [main] INFO  c.t.t.s.t.s.i.e.CacheConfig - --externalServiceCache()
2025-10-06 10:15:51.750 [main] INFO  o.s.v.b.OptionalValidatorFactoryBean - Failed to set up a Bean Validation provider: jakarta.validation.NoProviderFoundException: Unable to create a Configuration, because no Jakarta Bean Validation provider could be found. Add a provider like Hibernate Validator (RI) to your classpath.
2025-10-06 10:15:52.495 [main] INFO  o.s.b.a.e.web.EndpointLinksResolver - Exposing 14 endpoints beneath base path '/actuator'
2025-10-06 10:15:52.581 [main] INFO  c.t.t.s.t.s.CucumberSpringConfiguration - Started CucumberSpringConfiguration in 3.829 seconds (process running for 4.963)
2025-10-06 10:15:53.438 [main] INFO  c.t.t.s.t.s.steps.HelloSteps - ++le_service_hello_est_pret()
2025-10-06 10:15:53.439 [main] INFO  c.t.t.s.t.s.steps.HelloSteps - --le_service_hello_est_pret()
2025-10-06 10:15:53.442 [main] INFO  c.t.t.s.t.s.steps.HelloSteps - ++j_execute_le_service_hello()
2025-10-06 10:15:53.442 [main] INFO  c.t.t.s.t.a.s.HelloWorldService - ++execute()
2025-10-06 10:15:53.442 [main] INFO  c.t.t.s.t.s.d.HelloWorldUseCaseImpl - ++sayHello()
2025-10-06 10:15:53.443 [main] INFO  c.t.t.s.t.s.d.HelloWorldUseCaseImpl - sayHello()
2025-10-06 10:15:53.443 [main] INFO  c.t.t.s.t.s.i.HelloWorldMockAdapter - ++sayHello()
2025-10-06 10:15:53.443 [main] INFO  c.t.t.s.t.s.i.HelloWorldMockAdapter - sayHello()
2025-10-06 10:15:53.443 [main] INFO  c.t.t.s.t.s.i.HelloWorldMockAdapter - --sayHello()
2025-10-06 10:15:53.443 [main] INFO  c.t.t.s.t.s.d.HelloWorldUseCaseImpl - --sayHello()
2025-10-06 10:15:53.443 [main] INFO  c.t.t.s.t.a.s.HelloWorldService - --execute()
2025-10-06 10:15:53.444 [main] INFO  c.t.t.s.t.s.steps.HelloSteps - --j_execute_le_service_hello()
2025-10-06 10:15:53.445 [main] INFO  c.t.t.s.t.s.steps.HelloSteps - ++le_resultat_est()
2025-10-06 10:15:53.448 [main] INFO  c.t.t.s.t.s.steps.HelloSteps - --le_resultat_est()
2025-10-06 12:24:06.578 [main] INFO  c.t.t.s.t.s.CucumberSpringConfiguration - Starting CucumberSpringConfiguration using Java 21.0.8 with PID 2312 (started by root in /home/user1/app/springboot-tester/single-module)
2025-10-06 12:24:06.580 [main] INFO  c.t.t.s.t.s.CucumberSpringConfiguration - The following 1 profile is active: "mock"
2025-10-06 12:24:08.676 [main] INFO  c.t.t.s.t.s.i.InfraMockConfiguration - ++myMonAdaptateurMockImpl()
2025-10-06 12:24:08.679 [main] INFO  c.t.t.s.t.s.i.InfraMockConfiguration - --myMonAdaptateurMockImpl()
2025-10-06 12:24:08.777 [main] INFO  c.t.t.s.t.s.i.e.CacheConfig - ++externalServiceCache()
2025-10-06 12:24:08.842 [main] INFO  c.t.t.s.t.s.i.e.CacheConfig - --externalServiceCache()
2025-10-06 12:24:09.186 [main] INFO  o.s.v.b.OptionalValidatorFactoryBean - Failed to set up a Bean Validation provider: jakarta.validation.NoProviderFoundException: Unable to create a Configuration, because no Jakarta Bean Validation provider could be found. Add a provider like Hibernate Validator (RI) to your classpath.
2025-10-06 12:24:09.980 [main] INFO  o.s.b.a.e.web.EndpointLinksResolver - Exposing 14 endpoints beneath base path '/actuator'
2025-10-06 12:24:10.058 [main] INFO  c.t.t.s.t.s.CucumberSpringConfiguration - Started CucumberSpringConfiguration in 4.28 seconds (process running for 6.079)
2025-10-06 12:24:11.051 [main] INFO  c.t.t.s.t.s.steps.HelloSteps - ++le_service_hello_est_pret()
2025-10-06 12:24:11.051 [main] INFO  c.t.t.s.t.s.steps.HelloSteps - --le_service_hello_est_pret()
2025-10-06 12:24:11.056 [main] INFO  c.t.t.s.t.s.steps.HelloSteps - ++j_execute_le_service_hello()
2025-10-06 12:24:11.057 [main] INFO  c.t.t.s.t.a.s.HelloWorldService - ++execute()
2025-10-06 12:24:11.057 [main] INFO  c.t.t.s.t.s.d.HelloWorldUseCaseImpl - ++sayHello()
2025-10-06 12:24:11.057 [main] INFO  c.t.t.s.t.s.d.HelloWorldUseCaseImpl - sayHello()
2025-10-06 12:24:11.057 [main] INFO  c.t.t.s.t.s.i.HelloWorldMockAdapter - ++sayHello()
2025-10-06 12:24:11.058 [main] INFO  c.t.t.s.t.s.i.HelloWorldMockAdapter - sayHello()
2025-10-06 12:24:11.058 [main] INFO  c.t.t.s.t.s.i.HelloWorldMockAdapter - --sayHello()
2025-10-06 12:24:11.058 [main] INFO  c.t.t.s.t.s.d.HelloWorldUseCaseImpl - --sayHello()
2025-10-06 12:24:11.058 [main] INFO  c.t.t.s.t.a.s.HelloWorldService - --execute()
2025-10-06 12:24:11.058 [main] INFO  c.t.t.s.t.s.steps.HelloSteps - --j_execute_le_service_hello()
2025-10-06 12:24:11.059 [main] INFO  c.t.t.s.t.s.steps.HelloSteps - ++le_resultat_est()
2025-10-06 12:24:11.065 [main] INFO  c.t.t.s.t.s.steps.HelloSteps - --le_resultat_est()
2025-10-06 12:27:55.961 [main] INFO  c.t.t.s.t.s.CucumberSpringConfiguration - Starting CucumberSpringConfiguration using Java 21.0.8 with PID 2542 (started by root in /home/user1/app/springboot-tester/single-module)
2025-10-06 12:27:55.963 [main] INFO  c.t.t.s.t.s.CucumberSpringConfiguration - The following 1 profile is active: "mock"
2025-10-06 12:27:58.019 [main] INFO  c.t.t.s.t.s.i.InfraMockConfiguration - ++myMonAdaptateurMockImpl()
2025-10-06 12:27:58.022 [main] INFO  c.t.t.s.t.s.i.InfraMockConfiguration - --myMonAdaptateurMockImpl()
2025-10-06 12:27:58.129 [main] INFO  c.t.t.s.t.s.i.e.CacheConfig - ++externalServiceCache()
2025-10-06 12:27:58.189 [main] INFO  c.t.t.s.t.s.i.e.CacheConfig - --externalServiceCache()
2025-10-06 12:27:58.552 [main] INFO  o.s.v.b.OptionalValidatorFactoryBean - Failed to set up a Bean Validation provider: jakarta.validation.NoProviderFoundException: Unable to create a Configuration, because no Jakarta Bean Validation provider could be found. Add a provider like Hibernate Validator (RI) to your classpath.
2025-10-06 12:27:59.339 [main] INFO  o.s.b.a.e.web.EndpointLinksResolver - Exposing 14 endpoints beneath base path '/actuator'
2025-10-06 12:27:59.447 [main] INFO  c.t.t.s.t.s.CucumberSpringConfiguration - Started CucumberSpringConfiguration in 4.27 seconds (process running for 5.904)
2025-10-06 12:28:00.417 [main] INFO  c.t.t.s.t.s.steps.HelloSteps - ++le_service_hello_est_pret()
2025-10-06 12:28:00.418 [main] INFO  c.t.t.s.t.s.steps.HelloSteps - --le_service_hello_est_pret()
2025-10-06 12:28:00.424 [main] INFO  c.t.t.s.t.s.steps.HelloSteps - ++j_execute_le_service_hello()
2025-10-06 12:28:00.424 [main] INFO  c.t.t.s.t.a.s.HelloWorldService - ++execute()
2025-10-06 12:28:00.425 [main] INFO  c.t.t.s.t.s.d.HelloWorldUseCaseImpl - ++sayHello()
2025-10-06 12:28:00.425 [main] INFO  c.t.t.s.t.s.d.HelloWorldUseCaseImpl - sayHello()
2025-10-06 12:28:00.425 [main] INFO  c.t.t.s.t.s.i.HelloWorldMockAdapter - ++sayHello()
2025-10-06 12:28:00.425 [main] INFO  c.t.t.s.t.s.i.HelloWorldMockAdapter - sayHello()
2025-10-06 12:28:00.426 [main] INFO  c.t.t.s.t.s.i.HelloWorldMockAdapter - --sayHello()
2025-10-06 12:28:00.426 [main] INFO  c.t.t.s.t.s.d.HelloWorldUseCaseImpl - --sayHello()
2025-10-06 12:28:00.426 [main] INFO  c.t.t.s.t.a.s.HelloWorldService - --execute()
2025-10-06 12:28:00.426 [main] INFO  c.t.t.s.t.s.steps.HelloSteps - --j_execute_le_service_hello()
2025-10-06 12:28:00.427 [main] INFO  c.t.t.s.t.s.steps.HelloSteps - ++le_resultat_est()
2025-10-06 12:28:00.434 [main] INFO  c.t.t.s.t.s.steps.HelloSteps - --le_resultat_est()
2025-10-06 13:31:24.114 [main] INFO  c.t.t.s.t.s.CucumberSpringConfiguration - Starting CucumberSpringConfiguration using Java 21.0.8 with PID 3544 (started by root in /home/user1/app/springboot-tester/single-module)
2025-10-06 13:31:24.116 [main] INFO  c.t.t.s.t.s.CucumberSpringConfiguration - The following 1 profile is active: "mock"
2025-10-06 13:31:26.017 [main] INFO  c.t.t.s.t.s.i.InfraMockConfiguration - ++myMonAdaptateurMockImpl()
2025-10-06 13:31:26.022 [main] INFO  c.t.t.s.t.s.i.InfraMockConfiguration - --myMonAdaptateurMockImpl()
2025-10-06 13:31:26.138 [main] INFO  c.t.t.s.t.s.i.e.CacheConfig - ++externalServiceCache()
2025-10-06 13:31:26.213 [main] INFO  c.t.t.s.t.s.i.e.CacheConfig - --externalServiceCache()
2025-10-06 13:31:26.574 [main] INFO  o.s.v.b.OptionalValidatorFactoryBean - Failed to set up a Bean Validation provider: jakarta.validation.NoProviderFoundException: Unable to create a Configuration, because no Jakarta Bean Validation provider could be found. Add a provider like Hibernate Validator (RI) to your classpath.
2025-10-06 13:31:27.435 [main] INFO  o.s.b.a.e.web.EndpointLinksResolver - Exposing 14 endpoints beneath base path '/actuator'
2025-10-06 13:31:27.511 [main] INFO  c.t.t.s.t.s.CucumberSpringConfiguration - Started CucumberSpringConfiguration in 4.22 seconds (process running for 5.999)
2025-10-06 13:31:28.651 [main] INFO  c.t.t.s.t.s.steps.HelloSteps - ++le_service_hello_est_pret()
2025-10-06 13:31:28.652 [main] INFO  c.t.t.s.t.s.steps.HelloSteps - --le_service_hello_est_pret()
2025-10-06 13:31:28.659 [main] INFO  c.t.t.s.t.s.steps.HelloSteps - ++j_execute_le_service_hello()
2025-10-06 13:31:28.659 [main] INFO  c.t.t.s.t.a.s.HelloWorldService - ++execute()
2025-10-06 13:31:28.659 [main] INFO  c.t.t.s.t.s.d.HelloWorldUseCaseImpl - ++sayHello()
2025-10-06 13:31:28.660 [main] INFO  c.t.t.s.t.s.d.HelloWorldUseCaseImpl - sayHello()
2025-10-06 13:31:28.660 [main] INFO  c.t.t.s.t.s.i.HelloWorldMockAdapter - ++sayHello()
2025-10-06 13:31:28.660 [main] INFO  c.t.t.s.t.s.i.HelloWorldMockAdapter - sayHello()
2025-10-06 13:31:28.661 [main] INFO  c.t.t.s.t.s.i.HelloWorldMockAdapter - --sayHello()
2025-10-06 13:31:28.661 [main] INFO  c.t.t.s.t.s.d.HelloWorldUseCaseImpl - --sayHello()
2025-10-06 13:31:28.661 [main] INFO  c.t.t.s.t.a.s.HelloWorldService - --execute()
2025-10-06 13:31:28.661 [main] INFO  c.t.t.s.t.s.steps.HelloSteps - --j_execute_le_service_hello()
2025-10-06 13:31:28.662 [main] INFO  c.t.t.s.t.s.steps.HelloSteps - ++le_resultat_est()
2025-10-06 13:31:28.671 [main] INFO  c.t.t.s.t.s.steps.HelloSteps - --le_resultat_est()
2025-10-06 13:34:59.465 [main] INFO  c.t.t.s.t.s.CucumberSpringConfiguration - Starting CucumberSpringConfiguration using Java 21.0.8 with PID 3667 (started by root in /home/user1/app/springboot-tester/single-module)
2025-10-06 13:34:59.467 [main] INFO  c.t.t.s.t.s.CucumberSpringConfiguration - The following 1 profile is active: "mock"
2025-10-06 13:35:01.516 [main] INFO  c.t.t.s.t.s.i.InfraMockConfiguration - ++myMonAdaptateurMockImpl()
2025-10-06 13:35:01.521 [main] INFO  c.t.t.s.t.s.i.InfraMockConfiguration - --myMonAdaptateurMockImpl()
2025-10-06 13:35:01.615 [main] INFO  c.t.t.s.t.s.i.e.CacheConfig - ++externalServiceCache()
2025-10-06 13:35:01.677 [main] INFO  c.t.t.s.t.s.i.e.CacheConfig - --externalServiceCache()
2025-10-06 13:35:02.083 [main] INFO  o.s.v.b.OptionalValidatorFactoryBean - Failed to set up a Bean Validation provider: jakarta.validation.NoProviderFoundException: Unable to create a Configuration, because no Jakarta Bean Validation provider could be found. Add a provider like Hibernate Validator (RI) to your classpath.
2025-10-06 13:35:02.899 [main] INFO  o.s.b.a.e.web.EndpointLinksResolver - Exposing 14 endpoints beneath base path '/actuator'
2025-10-06 13:35:02.978 [main] INFO  c.t.t.s.t.s.CucumberSpringConfiguration - Started CucumberSpringConfiguration in 4.327 seconds (process running for 6.025)
2025-10-06 13:35:03.915 [main] INFO  c.t.t.s.t.s.steps.HelloSteps - ++le_service_hello_est_pret()
2025-10-06 13:35:03.916 [main] INFO  c.t.t.s.t.s.steps.HelloSteps - --le_service_hello_est_pret()
2025-10-06 13:35:03.920 [main] INFO  c.t.t.s.t.s.steps.HelloSteps - ++j_execute_le_service_hello()
2025-10-06 13:35:03.921 [main] INFO  c.t.t.s.t.a.s.HelloWorldService - ++execute()
2025-10-06 13:35:03.921 [main] INFO  c.t.t.s.t.s.d.HelloWorldUseCaseImpl - ++sayHello()
2025-10-06 13:35:03.921 [main] INFO  c.t.t.s.t.s.d.HelloWorldUseCaseImpl - sayHello()
2025-10-06 13:35:03.922 [main] INFO  c.t.t.s.t.s.i.HelloWorldMockAdapter - ++sayHello()
2025-10-06 13:35:03.922 [main] INFO  c.t.t.s.t.s.i.HelloWorldMockAdapter - sayHello()
2025-10-06 13:35:03.922 [main] INFO  c.t.t.s.t.s.i.HelloWorldMockAdapter - --sayHello()
2025-10-06 13:35:03.922 [main] INFO  c.t.t.s.t.s.d.HelloWorldUseCaseImpl - --sayHello()
2025-10-06 13:35:03.922 [main] INFO  c.t.t.s.t.a.s.HelloWorldService - --execute()
2025-10-06 13:35:03.922 [main] INFO  c.t.t.s.t.s.steps.HelloSteps - --j_execute_le_service_hello()
2025-10-06 13:35:03.923 [main] INFO  c.t.t.s.t.s.steps.HelloSteps - ++le_resultat_est()
2025-10-06 13:35:03.928 [main] INFO  c.t.t.s.t.s.steps.HelloSteps - --le_resultat_est()
2025-10-06 13:44:10.681 [main] INFO  c.t.t.s.t.s.CucumberSpringConfiguration - Starting CucumberSpringConfiguration using Java 21.0.8 with PID 3788 (started by root in /home/user1/app/springboot-tester/single-module)
2025-10-06 13:44:10.683 [main] INFO  c.t.t.s.t.s.CucumberSpringConfiguration - The following 1 profile is active: "mock"
2025-10-06 13:44:12.795 [main] INFO  c.t.t.s.t.s.i.InfraMockConfiguration - ++myMonAdaptateurMockImpl()
2025-10-06 13:44:12.799 [main] INFO  c.t.t.s.t.s.i.InfraMockConfiguration - --myMonAdaptateurMockImpl()
2025-10-06 13:44:12.910 [main] INFO  c.t.t.s.t.s.i.e.CacheConfig - ++externalServiceCache()
2025-10-06 13:44:12.985 [main] INFO  c.t.t.s.t.s.i.e.CacheConfig - --externalServiceCache()
2025-10-06 13:44:13.443 [main] INFO  o.s.v.b.OptionalValidatorFactoryBean - Failed to set up a Bean Validation provider: jakarta.validation.NoProviderFoundException: Unable to create a Configuration, because no Jakarta Bean Validation provider could be found. Add a provider like Hibernate Validator (RI) to your classpath.
2025-10-06 13:44:14.367 [main] INFO  o.s.b.a.e.web.EndpointLinksResolver - Exposing 14 endpoints beneath base path '/actuator'
2025-10-06 13:44:14.490 [main] INFO  c.t.t.s.t.s.CucumberSpringConfiguration - Started CucumberSpringConfiguration in 4.582 seconds (process running for 6.461)
2025-10-06 13:44:15.440 [main] INFO  c.t.t.s.t.s.steps.HelloSteps - ++le_service_hello_est_pret()
2025-10-06 13:44:15.441 [main] INFO  c.t.t.s.t.s.steps.HelloSteps - --le_service_hello_est_pret()
2025-10-06 13:44:15.445 [main] INFO  c.t.t.s.t.s.steps.HelloSteps - ++j_execute_le_service_hello()
2025-10-06 13:44:15.445 [main] INFO  c.t.t.s.t.a.s.HelloWorldService - ++execute()
2025-10-06 13:44:15.446 [main] INFO  c.t.t.s.t.s.d.HelloWorldUseCaseImpl - ++sayHello()
2025-10-06 13:44:15.446 [main] INFO  c.t.t.s.t.s.d.HelloWorldUseCaseImpl - sayHello()
2025-10-06 13:44:15.446 [main] INFO  c.t.t.s.t.s.i.HelloWorldMockAdapter - ++sayHello()
2025-10-06 13:44:15.446 [main] INFO  c.t.t.s.t.s.i.HelloWorldMockAdapter - sayHello()
2025-10-06 13:44:15.447 [main] INFO  c.t.t.s.t.s.i.HelloWorldMockAdapter - --sayHello()
2025-10-06 13:44:15.447 [main] INFO  c.t.t.s.t.s.d.HelloWorldUseCaseImpl - --sayHello()
2025-10-06 13:44:15.447 [main] INFO  c.t.t.s.t.a.s.HelloWorldService - --execute()
2025-10-06 13:44:15.447 [main] INFO  c.t.t.s.t.s.steps.HelloSteps - --j_execute_le_service_hello()
2025-10-06 13:44:15.448 [main] INFO  c.t.t.s.t.s.steps.HelloSteps - ++le_resultat_est()
2025-10-06 13:44:15.453 [main] INFO  c.t.t.s.t.s.steps.HelloSteps - --le_resultat_est()
